\BOOKMARK [0][-]{chapter.1}{Levantamento de Requisitos}{}
\BOOKMARK [1][-]{section.1.1}{Requisitos funcionais}{chapter.1}
\BOOKMARK [2][-]{subsection.1.1.1}{Diagrama de Casos de Uso}{section.1.1}
\BOOKMARK [2][-]{subsection.1.1.2}{Editar usu\341rio}{section.1.1}
\BOOKMARK [2][-]{subsection.1.1.3}{Editar Est\363ria/Task}{section.1.1}
\BOOKMARK [2][-]{subsection.1.1.4}{Acessar o hist\363rico do desenvolvimento}{section.1.1}
\BOOKMARK [2][-]{subsection.1.1.5}{Acessar \341rvore de depend\352ncias de uma task}{section.1.1}
\BOOKMARK [2][-]{subsection.1.1.6}{Mostrar para o usu\341rio quais s\343o tasks priorit\341rias}{section.1.1}
\BOOKMARK [0][-]{chapter.2}{An\341lise}{}
\BOOKMARK [1][-]{section.2.1}{Diagrama de Classes Conceituais}{chapter.2}
\BOOKMARK [0][-]{chapter.3}{Projeto}{}
\BOOKMARK [1][-]{section.3.1}{Diagrama de Classes}{chapter.3}
\BOOKMARK [1][-]{section.3.2}{Diagramas de Intera\347\343o}{chapter.3}
\BOOKMARK [2][-]{subsection.3.2.1}{Editar usu\341rio}{section.3.2}
\BOOKMARK [2][-]{subsection.3.2.2}{Editar Est\363ria/Task}{section.3.2}
\BOOKMARK [2][-]{subsection.3.2.3}{Acessar o hist\363rico do desenvolvimento}{section.3.2}
\BOOKMARK [2][-]{subsection.3.2.4}{Acessar \341rvore de depend\352ncias de uma task}{section.3.2}
\BOOKMARK [2][-]{subsection.3.2.5}{Mostrar para o usu\341rio quais s\343o tasks priorit\341rias}{section.3.2}
\BOOKMARK [1][-]{section.3.3}{Projeto da Persist\352ncia dos Objetos}{chapter.3}
\BOOKMARK [1][-]{section.3.4}{Diagrama de Atividades}{chapter.3}
\BOOKMARK [2][-]{subsection.3.4.1}{Diagrama de Atividades 1}{section.3.4}
\BOOKMARK [2][-]{subsection.3.4.2}{Diagrama de Atividades 2}{section.3.4}
\BOOKMARK [1][-]{section.3.5}{Statecharts}{chapter.3}
\BOOKMARK [2][-]{subsection.3.5.1}{Diagrama de Atividades 1}{section.3.5}
\BOOKMARK [2][-]{subsection.3.5.2}{Diagrama de Atividades 2}{section.3.5}
